[debug] [2018-06-21T22:55:05.630Z] ----------------------------------------------------------------------
[debug] [2018-06-21T22:55:05.632Z] Command:       /Users/lily/.nvm/versions/node/v10.1.0/bin/node /Users/lily/.nvm/versions/node/v10.1.0/bin/firebase serve
[debug] [2018-06-21T22:55:05.632Z] CLI Version:   3.18.6
[debug] [2018-06-21T22:55:05.632Z] Platform:      darwin
[debug] [2018-06-21T22:55:05.632Z] Node Version:  v10.1.0
[debug] [2018-06-21T22:55:05.632Z] Time:          Thu Jun 21 2018 18:55:05 GMT-0400 (EDT)
[debug] [2018-06-21T22:55:05.632Z] ----------------------------------------------------------------------
[debug] 
[debug] [2018-06-21T22:55:05.643Z] > command requires scopes: ["email","openid","https://www.googleapis.com/auth/cloudplatformprojects.readonly","https://www.googleapis.com/auth/firebase","https://www.googleapis.com/auth/cloud-platform"]
[debug] [2018-06-21T22:55:05.643Z] > authorizing via signed-in user
[debug] [2018-06-21T22:55:05.645Z] >>> HTTP REQUEST GET https://admin.firebase.com/v1/projects/gcp-retail-1ccf3  
  
 Thu Jun 21 2018 18:55:05 GMT-0400 (EDT)
[debug] [2018-06-21T22:55:06.020Z] <<< HTTP RESPONSE 200
[debug] [2018-06-21T22:55:06.021Z] >>> HTTP REQUEST GET https://admin.firebase.com/v1/database/gcp-retail-1ccf3/tokens  
  
 Thu Jun 21 2018 18:55:06 GMT-0400 (EDT)
[debug] [2018-06-21T22:55:06.717Z] <<< HTTP RESPONSE 200
[debug] [2018-06-21T22:55:06.718Z] >>> HTTP REQUEST GET https://cloudresourcemanager.googleapis.com/v1/projects/gcp-retail-1ccf3  
  
 Thu Jun 21 2018 18:55:06 GMT-0400 (EDT)
[debug] [2018-06-21T22:55:07.052Z] <<< HTTP RESPONSE 200
[info] 
[info] === Serving from '/Users/lily/Desktop/gcphack/blue'...
[info] 
[debug] [2018-06-21T22:55:07.054Z] >>> HTTP REQUEST GET https://mobilesdk-pa.googleapis.com/v1/projects/487557824721/clients/_:getWebAppConfig  
  
 Thu Jun 21 2018 18:55:07 GMT-0400 (EDT)
[debug] [2018-06-21T22:55:07.612Z] <<< HTTP RESPONSE 200
[info] i  hosting: Serving hosting files from: public
[info] ✔  hosting: Local server: http://localhost:5000

